[09-Dec-2024 13:48:50 UTC] PHP Warning:  Attempt to read property "content" on null in C:\Users\Owner\Local Sites\rda\app\public\wp-includes\blocks\template-part.php on line 73
[09-Dec-2024 14:28:54 UTC] PHP Parse error:  syntax error, unexpected token "/", expecting end of file in C:\Users\Owner\Local Sites\rda\app\public\wp-content\themes\twentytwentyfour\functions.php on line 11
[09-Dec-2024 14:28:55 UTC] PHP Parse error:  syntax error, unexpected token "/", expecting end of file in C:\Users\Owner\Local Sites\rda\app\public\wp-content\themes\twentytwentyfour\functions.php on line 11
[09-Dec-2024 14:28:56 UTC] PHP Parse error:  syntax error, unexpected token "/", expecting end of file in C:\Users\Owner\Local Sites\rda\app\public\wp-content\themes\twentytwentyfour\functions.php on line 11
[09-Dec-2024 14:28:56 UTC] PHP Parse error:  syntax error, unexpected token "/", expecting end of file in C:\Users\Owner\Local Sites\rda\app\public\wp-content\themes\twentytwentyfour\functions.php on line 11
[09-Dec-2024 14:28:56 UTC] PHP Parse error:  syntax error, unexpected token "/", expecting end of file in C:\Users\Owner\Local Sites\rda\app\public\wp-content\themes\twentytwentyfour\functions.php on line 11
[09-Dec-2024 14:28:56 UTC] PHP Parse error:  syntax error, unexpected token "/", expecting end of file in C:\Users\Owner\Local Sites\rda\app\public\wp-content\themes\twentytwentyfour\functions.php on line 11
[09-Dec-2024 14:29:38 UTC] PHP Warning:  Attempt to read property "content" on null in C:\Users\Owner\Local Sites\rda\app\public\wp-includes\blocks\template-part.php on line 73
[09-Dec-2024 14:30:31 UTC] PHP Warning:  Attempt to read property "content" on null in C:\Users\Owner\Local Sites\rda\app\public\wp-includes\blocks\template-part.php on line 73
[21-Dec-2024 16:19:34 UTC] PHP Warning:  Attempt to read property "content" on null in C:\Users\Owner\Local Sites\rda\app\public\wp-includes\blocks\template-part.php on line 73
[22-Dec-2024 18:37:57 UTC] PHP Warning:  Attempt to read property "content" on null in C:\Users\Owner\Local Sites\rda\app\public\wp-includes\blocks\template-part.php on line 73
[22-Dec-2024 18:38:02 UTC] PHP Warning:  Attempt to read property "content" on null in C:\Users\Owner\Local Sites\rda\app\public\wp-includes\blocks\template-part.php on line 73
[22-Dec-2024 19:27:40 UTC] PHP Warning:  Attempt to read property "content" on null in C:\Users\Owner\Local Sites\rda\app\public\wp-includes\blocks\template-part.php on line 73
[22-Dec-2024 19:27:42 UTC] PHP Warning:  Attempt to read property "content" on null in C:\Users\Owner\Local Sites\rda\app\public\wp-includes\blocks\template-part.php on line 73
[22-Dec-2024 19:27:43 UTC] PHP Warning:  Attempt to read property "content" on null in C:\Users\Owner\Local Sites\rda\app\public\wp-includes\blocks\template-part.php on line 73
[22-Dec-2024 19:28:40 UTC] PHP Warning:  Attempt to read property "content" on null in C:\Users\Owner\Local Sites\rda\app\public\wp-includes\blocks\template-part.php on line 73
[22-Dec-2024 19:28:46 UTC] PHP Warning:  Attempt to read property "content" on null in C:\Users\Owner\Local Sites\rda\app\public\wp-includes\blocks\template-part.php on line 73
[22-Dec-2024 19:30:20 UTC] PHP Warning:  Attempt to read property "content" on null in C:\Users\Owner\Local Sites\rda\app\public\wp-includes\blocks\template-part.php on line 73
[22-Dec-2024 19:30:20 UTC] PHP Warning:  Attempt to read property "content" on null in C:\Users\Owner\Local Sites\rda\app\public\wp-includes\blocks\template-part.php on line 73
[22-Dec-2024 19:31:11 UTC] PHP Warning:  Attempt to read property "content" on null in C:\Users\Owner\Local Sites\rda\app\public\wp-includes\blocks\template-part.php on line 73
[22-Dec-2024 19:31:14 UTC] PHP Warning:  Attempt to read property "content" on null in C:\Users\Owner\Local Sites\rda\app\public\wp-includes\blocks\template-part.php on line 73
[22-Dec-2024 19:31:24 UTC] PHP Warning:  Attempt to read property "content" on null in C:\Users\Owner\Local Sites\rda\app\public\wp-includes\blocks\template-part.php on line 73
[22-Dec-2024 19:31:49 UTC] PHP Warning:  Attempt to read property "content" on null in C:\Users\Owner\Local Sites\rda\app\public\wp-includes\blocks\template-part.php on line 73
[22-Dec-2024 19:34:17 UTC] PHP Warning:  Attempt to read property "content" on null in C:\Users\Owner\Local Sites\rda\app\public\wp-includes\blocks\template-part.php on line 73
[22-Dec-2024 19:34:20 UTC] PHP Warning:  Attempt to read property "content" on null in C:\Users\Owner\Local Sites\rda\app\public\wp-includes\blocks\template-part.php on line 73
[22-Dec-2024 19:34:32 UTC] PHP Warning:  Attempt to read property "content" on null in C:\Users\Owner\Local Sites\rda\app\public\wp-includes\blocks\template-part.php on line 73
[22-Dec-2024 19:34:33 UTC] PHP Warning:  Attempt to read property "content" on null in C:\Users\Owner\Local Sites\rda\app\public\wp-includes\blocks\template-part.php on line 73
[22-Dec-2024 19:36:11 UTC] PHP Warning:  Attempt to read property "content" on null in C:\Users\Owner\Local Sites\rda\app\public\wp-includes\blocks\template-part.php on line 73
[22-Dec-2024 19:36:40 UTC] PHP Warning:  Attempt to read property "content" on null in C:\Users\Owner\Local Sites\rda\app\public\wp-includes\blocks\template-part.php on line 73
[22-Dec-2024 19:36:45 UTC] PHP Warning:  Attempt to read property "content" on null in C:\Users\Owner\Local Sites\rda\app\public\wp-includes\blocks\template-part.php on line 73
[22-Dec-2024 19:36:52 UTC] PHP Warning:  Attempt to read property "content" on null in C:\Users\Owner\Local Sites\rda\app\public\wp-includes\blocks\template-part.php on line 73
[22-Dec-2024 19:36:56 UTC] PHP Warning:  Attempt to read property "content" on null in C:\Users\Owner\Local Sites\rda\app\public\wp-includes\blocks\template-part.php on line 73
[22-Dec-2024 19:37:04 UTC] PHP Warning:  Attempt to read property "content" on null in C:\Users\Owner\Local Sites\rda\app\public\wp-includes\blocks\template-part.php on line 73
[22-Dec-2024 19:37:08 UTC] PHP Warning:  Attempt to read property "content" on null in C:\Users\Owner\Local Sites\rda\app\public\wp-includes\blocks\template-part.php on line 73
[22-Dec-2024 19:38:05 UTC] PHP Warning:  Attempt to read property "content" on null in C:\Users\Owner\Local Sites\rda\app\public\wp-includes\blocks\template-part.php on line 73
[22-Dec-2024 19:38:08 UTC] PHP Warning:  Attempt to read property "content" on null in C:\Users\Owner\Local Sites\rda\app\public\wp-includes\blocks\template-part.php on line 73
[22-Dec-2024 19:38:11 UTC] PHP Warning:  Attempt to read property "content" on null in C:\Users\Owner\Local Sites\rda\app\public\wp-includes\blocks\template-part.php on line 73
[22-Dec-2024 19:38:16 UTC] PHP Warning:  Attempt to read property "content" on null in C:\Users\Owner\Local Sites\rda\app\public\wp-includes\blocks\template-part.php on line 73
[22-Dec-2024 19:38:45 UTC] PHP Warning:  Attempt to read property "content" on null in C:\Users\Owner\Local Sites\rda\app\public\wp-includes\blocks\template-part.php on line 73
[22-Dec-2024 19:53:47 UTC] PHP Warning:  Attempt to read property "content" on null in C:\Users\Owner\Local Sites\rda\app\public\wp-includes\blocks\template-part.php on line 73
[27-Jan-2025 09:53:11 UTC] PHP Warning:  Attempt to read property "content" on null in C:\Users\val\Documents\GitHub\RDA\Wordpress\app\public\wp-includes\blocks\template-part.php on line 73
[27-Jan-2025 09:53:23 UTC] PHP Warning:  Attempt to read property "content" on null in C:\Users\val\Documents\GitHub\RDA\Wordpress\app\public\wp-includes\blocks\template-part.php on line 73
[27-Jan-2025 14:41:54 UTC] PHP Warning:  Attempt to read property "content" on null in C:\Users\val\Documents\GitHub\RDA\Wordpress\app\public\wp-includes\blocks\template-part.php on line 73
[27-Jan-2025 14:42:28 UTC] PHP Warning:  Attempt to read property "content" on null in C:\Users\val\Documents\GitHub\RDA\Wordpress\app\public\wp-includes\blocks\template-part.php on line 73
[27-Jan-2025 14:52:10 UTC] PHP Warning:  Attempt to read property "content" on null in C:\Users\val\Documents\GitHub\RDA\Wordpress\app\public\wp-includes\blocks\template-part.php on line 73
[27-Jan-2025 14:52:55 UTC] PHP Warning:  Attempt to read property "content" on null in C:\Users\val\Documents\GitHub\RDA\Wordpress\app\public\wp-includes\blocks\template-part.php on line 73
[27-Jan-2025 14:56:41 UTC] PHP Warning:  Attempt to read property "content" on null in C:\Users\val\Documents\GitHub\RDA\Wordpress\app\public\wp-includes\blocks\template-part.php on line 73
[27-Jan-2025 14:56:43 UTC] PHP Warning:  Attempt to read property "content" on null in C:\Users\val\Documents\GitHub\RDA\Wordpress\app\public\wp-includes\blocks\template-part.php on line 73
[27-Jan-2025 14:56:45 UTC] PHP Warning:  Attempt to read property "content" on null in C:\Users\val\Documents\GitHub\RDA\Wordpress\app\public\wp-includes\blocks\template-part.php on line 73
[27-Jan-2025 14:56:45 UTC] PHP Warning:  Attempt to read property "content" on null in C:\Users\val\Documents\GitHub\RDA\Wordpress\app\public\wp-includes\blocks\template-part.php on line 73
[27-Jan-2025 14:56:45 UTC] PHP Warning:  Attempt to read property "content" on null in C:\Users\val\Documents\GitHub\RDA\Wordpress\app\public\wp-includes\blocks\template-part.php on line 73
[27-Jan-2025 14:56:50 UTC] PHP Warning:  Attempt to read property "content" on null in C:\Users\val\Documents\GitHub\RDA\Wordpress\app\public\wp-includes\blocks\template-part.php on line 73
[27-Jan-2025 14:57:45 UTC] PHP Warning:  Attempt to read property "content" on null in C:\Users\val\Documents\GitHub\RDA\Wordpress\app\public\wp-includes\blocks\template-part.php on line 73
[27-Jan-2025 14:59:24 UTC] PHP Warning:  Attempt to read property "content" on null in C:\Users\val\Documents\GitHub\RDA\Wordpress\app\public\wp-includes\blocks\template-part.php on line 73
[27-Jan-2025 15:01:04 UTC] PHP Warning:  Attempt to read property "content" on null in C:\Users\val\Documents\GitHub\RDA\Wordpress\app\public\wp-includes\blocks\template-part.php on line 73
[27-Jan-2025 15:01:16 UTC] PHP Warning:  Attempt to read property "content" on null in C:\Users\val\Documents\GitHub\RDA\Wordpress\app\public\wp-includes\blocks\template-part.php on line 73
[27-Jan-2025 15:01:18 UTC] PHP Warning:  Attempt to read property "content" on null in C:\Users\val\Documents\GitHub\RDA\Wordpress\app\public\wp-includes\blocks\template-part.php on line 73
[27-Jan-2025 15:01:21 UTC] PHP Warning:  Attempt to read property "content" on null in C:\Users\val\Documents\GitHub\RDA\Wordpress\app\public\wp-includes\blocks\template-part.php on line 73
[27-Jan-2025 15:01:23 UTC] PHP Warning:  Attempt to read property "content" on null in C:\Users\val\Documents\GitHub\RDA\Wordpress\app\public\wp-includes\blocks\template-part.php on line 73
[27-Jan-2025 15:01:24 UTC] PHP Warning:  Attempt to read property "content" on null in C:\Users\val\Documents\GitHub\RDA\Wordpress\app\public\wp-includes\blocks\template-part.php on line 73
[27-Jan-2025 15:01:30 UTC] PHP Warning:  Attempt to read property "content" on null in C:\Users\val\Documents\GitHub\RDA\Wordpress\app\public\wp-includes\blocks\template-part.php on line 73
[27-Jan-2025 15:01:31 UTC] PHP Warning:  Attempt to read property "content" on null in C:\Users\val\Documents\GitHub\RDA\Wordpress\app\public\wp-includes\blocks\template-part.php on line 73
[27-Jan-2025 15:01:31 UTC] PHP Warning:  Attempt to read property "content" on null in C:\Users\val\Documents\GitHub\RDA\Wordpress\app\public\wp-includes\blocks\template-part.php on line 73
[27-Jan-2025 15:01:31 UTC] PHP Warning:  Attempt to read property "content" on null in C:\Users\val\Documents\GitHub\RDA\Wordpress\app\public\wp-includes\blocks\template-part.php on line 73
[27-Jan-2025 15:01:31 UTC] PHP Warning:  Attempt to read property "content" on null in C:\Users\val\Documents\GitHub\RDA\Wordpress\app\public\wp-includes\blocks\template-part.php on line 73
[27-Jan-2025 15:01:32 UTC] PHP Warning:  Attempt to read property "content" on null in C:\Users\val\Documents\GitHub\RDA\Wordpress\app\public\wp-includes\blocks\template-part.php on line 73
[27-Jan-2025 15:01:56 UTC] PHP Warning:  Attempt to read property "content" on null in C:\Users\val\Documents\GitHub\RDA\Wordpress\app\public\wp-includes\blocks\template-part.php on line 73
[27-Jan-2025 15:01:57 UTC] PHP Warning:  Attempt to read property "content" on null in C:\Users\val\Documents\GitHub\RDA\Wordpress\app\public\wp-includes\blocks\template-part.php on line 73
[27-Jan-2025 15:01:57 UTC] PHP Warning:  Attempt to read property "content" on null in C:\Users\val\Documents\GitHub\RDA\Wordpress\app\public\wp-includes\blocks\template-part.php on line 73
[27-Jan-2025 15:01:57 UTC] PHP Warning:  Attempt to read property "content" on null in C:\Users\val\Documents\GitHub\RDA\Wordpress\app\public\wp-includes\blocks\template-part.php on line 73
[27-Jan-2025 15:01:57 UTC] PHP Warning:  Attempt to read property "content" on null in C:\Users\val\Documents\GitHub\RDA\Wordpress\app\public\wp-includes\blocks\template-part.php on line 73
[27-Jan-2025 15:01:57 UTC] PHP Warning:  Attempt to read property "content" on null in C:\Users\val\Documents\GitHub\RDA\Wordpress\app\public\wp-includes\blocks\template-part.php on line 73
[27-Jan-2025 15:01:58 UTC] PHP Warning:  Attempt to read property "content" on null in C:\Users\val\Documents\GitHub\RDA\Wordpress\app\public\wp-includes\blocks\template-part.php on line 73
[27-Jan-2025 15:01:58 UTC] PHP Warning:  Attempt to read property "content" on null in C:\Users\val\Documents\GitHub\RDA\Wordpress\app\public\wp-includes\blocks\template-part.php on line 73
[27-Jan-2025 15:02:46 UTC] PHP Fatal error:  Uncaught Error: Call to undefined function get_field() in C:\Users\val\Documents\GitHub\RDA\Wordpress\app\public\wp-content\themes\twentytwentyfour\single.php:41
Stack trace:
#0 C:\Users\val\Documents\GitHub\RDA\Wordpress\app\public\wp-includes\template-loader.php(106): include()
#1 C:\Users\val\Documents\GitHub\RDA\Wordpress\app\public\wp-blog-header.php(19): require_once('C:\\Users\\val\\Do...')
#2 C:\Users\val\Documents\GitHub\RDA\Wordpress\app\public\index.php(17): require('C:\\Users\\val\\Do...')
#3 {main}
  thrown in C:\Users\val\Documents\GitHub\RDA\Wordpress\app\public\wp-content\themes\twentytwentyfour\single.php on line 41
[27-Jan-2025 15:02:50 UTC] PHP Fatal error:  Uncaught Error: Call to undefined function get_field() in C:\Users\val\Documents\GitHub\RDA\Wordpress\app\public\wp-content\themes\twentytwentyfour\single.php:41
Stack trace:
#0 C:\Users\val\Documents\GitHub\RDA\Wordpress\app\public\wp-includes\template-loader.php(106): include()
#1 C:\Users\val\Documents\GitHub\RDA\Wordpress\app\public\wp-blog-header.php(19): require_once('C:\\Users\\val\\Do...')
#2 C:\Users\val\Documents\GitHub\RDA\Wordpress\app\public\index.php(17): require('C:\\Users\\val\\Do...')
#3 {main}
  thrown in C:\Users\val\Documents\GitHub\RDA\Wordpress\app\public\wp-content\themes\twentytwentyfour\single.php on line 41
[27-Jan-2025 15:02:58 UTC] PHP Fatal error:  Uncaught Error: Call to undefined function get_field() in C:\Users\val\Documents\GitHub\RDA\Wordpress\app\public\wp-content\themes\twentytwentyfour\single.php:37
Stack trace:
#0 C:\Users\val\Documents\GitHub\RDA\Wordpress\app\public\wp-includes\template-loader.php(106): include()
#1 C:\Users\val\Documents\GitHub\RDA\Wordpress\app\public\wp-blog-header.php(19): require_once('C:\\Users\\val\\Do...')
#2 C:\Users\val\Documents\GitHub\RDA\Wordpress\app\public\index.php(17): require('C:\\Users\\val\\Do...')
#3 {main}
  thrown in C:\Users\val\Documents\GitHub\RDA\Wordpress\app\public\wp-content\themes\twentytwentyfour\single.php on line 37
[27-Jan-2025 15:02:59 UTC] PHP Fatal error:  Uncaught Error: Call to undefined function get_field() in C:\Users\val\Documents\GitHub\RDA\Wordpress\app\public\wp-content\themes\twentytwentyfour\single.php:37
Stack trace:
#0 C:\Users\val\Documents\GitHub\RDA\Wordpress\app\public\wp-includes\template-loader.php(106): include()
#1 C:\Users\val\Documents\GitHub\RDA\Wordpress\app\public\wp-blog-header.php(19): require_once('C:\\Users\\val\\Do...')
#2 C:\Users\val\Documents\GitHub\RDA\Wordpress\app\public\index.php(17): require('C:\\Users\\val\\Do...')
#3 {main}
  thrown in C:\Users\val\Documents\GitHub\RDA\Wordpress\app\public\wp-content\themes\twentytwentyfour\single.php on line 37
[27-Jan-2025 15:03:13 UTC] PHP Fatal error:  Uncaught Error: Call to undefined function get_field() in C:\Users\val\Documents\GitHub\RDA\Wordpress\app\public\wp-content\themes\twentytwentyfour\single.php:36
Stack trace:
#0 C:\Users\val\Documents\GitHub\RDA\Wordpress\app\public\wp-includes\template-loader.php(106): include()
#1 C:\Users\val\Documents\GitHub\RDA\Wordpress\app\public\wp-blog-header.php(19): require_once('C:\\Users\\val\\Do...')
#2 C:\Users\val\Documents\GitHub\RDA\Wordpress\app\public\index.php(17): require('C:\\Users\\val\\Do...')
#3 {main}
  thrown in C:\Users\val\Documents\GitHub\RDA\Wordpress\app\public\wp-content\themes\twentytwentyfour\single.php on line 36
[27-Jan-2025 15:03:17 UTC] PHP Fatal error:  Uncaught Error: Call to undefined function get_field() in C:\Users\val\Documents\GitHub\RDA\Wordpress\app\public\wp-content\themes\twentytwentyfour\single.php:35
Stack trace:
#0 C:\Users\val\Documents\GitHub\RDA\Wordpress\app\public\wp-includes\template-loader.php(106): include()
#1 C:\Users\val\Documents\GitHub\RDA\Wordpress\app\public\wp-blog-header.php(19): require_once('C:\\Users\\val\\Do...')
#2 C:\Users\val\Documents\GitHub\RDA\Wordpress\app\public\index.php(17): require('C:\\Users\\val\\Do...')
#3 {main}
  thrown in C:\Users\val\Documents\GitHub\RDA\Wordpress\app\public\wp-content\themes\twentytwentyfour\single.php on line 35
[27-Jan-2025 15:03:17 UTC] PHP Fatal error:  Uncaught Error: Call to undefined function get_field() in C:\Users\val\Documents\GitHub\RDA\Wordpress\app\public\wp-content\themes\twentytwentyfour\single.php:35
Stack trace:
#0 C:\Users\val\Documents\GitHub\RDA\Wordpress\app\public\wp-includes\template-loader.php(106): include()
#1 C:\Users\val\Documents\GitHub\RDA\Wordpress\app\public\wp-blog-header.php(19): require_once('C:\\Users\\val\\Do...')
#2 C:\Users\val\Documents\GitHub\RDA\Wordpress\app\public\index.php(17): require('C:\\Users\\val\\Do...')
#3 {main}
  thrown in C:\Users\val\Documents\GitHub\RDA\Wordpress\app\public\wp-content\themes\twentytwentyfour\single.php on line 35
[27-Jan-2025 15:03:22 UTC] PHP Warning:  Attempt to read property "content" on null in C:\Users\val\Documents\GitHub\RDA\Wordpress\app\public\wp-includes\blocks\template-part.php on line 73
[27-Jan-2025 15:03:27 UTC] PHP Fatal error:  Uncaught Error: Call to undefined function get_field() in C:\Users\val\Documents\GitHub\RDA\Wordpress\app\public\wp-content\themes\twentytwentyfour\single.php:35
Stack trace:
#0 C:\Users\val\Documents\GitHub\RDA\Wordpress\app\public\wp-includes\template-loader.php(106): include()
#1 C:\Users\val\Documents\GitHub\RDA\Wordpress\app\public\wp-blog-header.php(19): require_once('C:\\Users\\val\\Do...')
#2 C:\Users\val\Documents\GitHub\RDA\Wordpress\app\public\index.php(17): require('C:\\Users\\val\\Do...')
#3 {main}
  thrown in C:\Users\val\Documents\GitHub\RDA\Wordpress\app\public\wp-content\themes\twentytwentyfour\single.php on line 35
[27-Jan-2025 15:03:29 UTC] PHP Fatal error:  Uncaught Error: Call to undefined function get_field() in C:\Users\val\Documents\GitHub\RDA\Wordpress\app\public\wp-content\themes\twentytwentyfour\single.php:35
Stack trace:
#0 C:\Users\val\Documents\GitHub\RDA\Wordpress\app\public\wp-includes\template-loader.php(106): include()
#1 C:\Users\val\Documents\GitHub\RDA\Wordpress\app\public\wp-blog-header.php(19): require_once('C:\\Users\\val\\Do...')
#2 C:\Users\val\Documents\GitHub\RDA\Wordpress\app\public\index.php(17): require('C:\\Users\\val\\Do...')
#3 {main}
  thrown in C:\Users\val\Documents\GitHub\RDA\Wordpress\app\public\wp-content\themes\twentytwentyfour\single.php on line 35
[27-Jan-2025 15:03:30 UTC] PHP Fatal error:  Uncaught Error: Call to undefined function get_field() in C:\Users\val\Documents\GitHub\RDA\Wordpress\app\public\wp-content\themes\twentytwentyfour\single.php:35
Stack trace:
#0 C:\Users\val\Documents\GitHub\RDA\Wordpress\app\public\wp-includes\template-loader.php(106): include()
#1 C:\Users\val\Documents\GitHub\RDA\Wordpress\app\public\wp-blog-header.php(19): require_once('C:\\Users\\val\\Do...')
#2 C:\Users\val\Documents\GitHub\RDA\Wordpress\app\public\index.php(17): require('C:\\Users\\val\\Do...')
#3 {main}
  thrown in C:\Users\val\Documents\GitHub\RDA\Wordpress\app\public\wp-content\themes\twentytwentyfour\single.php on line 35
[27-Jan-2025 15:06:58 UTC] PHP Fatal error:  Uncaught Error: Call to undefined function get_field() in C:\Users\val\Documents\GitHub\RDA\Wordpress\app\public\wp-content\themes\twentytwentyfour\single.php:35
Stack trace:
#0 C:\Users\val\Documents\GitHub\RDA\Wordpress\app\public\wp-includes\template-loader.php(106): include()
#1 C:\Users\val\Documents\GitHub\RDA\Wordpress\app\public\wp-blog-header.php(19): require_once('C:\\Users\\val\\Do...')
#2 C:\Users\val\Documents\GitHub\RDA\Wordpress\app\public\index.php(17): require('C:\\Users\\val\\Do...')
#3 {main}
  thrown in C:\Users\val\Documents\GitHub\RDA\Wordpress\app\public\wp-content\themes\twentytwentyfour\single.php on line 35
[27-Jan-2025 15:07:09 UTC] PHP Fatal error:  Uncaught Error: Call to undefined function get_field() in C:\Users\val\Documents\GitHub\RDA\Wordpress\app\public\wp-content\themes\twentytwentyfour\single.php:35
Stack trace:
#0 C:\Users\val\Documents\GitHub\RDA\Wordpress\app\public\wp-includes\template-loader.php(106): include()
#1 C:\Users\val\Documents\GitHub\RDA\Wordpress\app\public\wp-blog-header.php(19): require_once('C:\\Users\\val\\Do...')
#2 C:\Users\val\Documents\GitHub\RDA\Wordpress\app\public\index.php(17): require('C:\\Users\\val\\Do...')
#3 {main}
  thrown in C:\Users\val\Documents\GitHub\RDA\Wordpress\app\public\wp-content\themes\twentytwentyfour\single.php on line 35
[27-Jan-2025 15:08:17 UTC] PHP Fatal error:  Uncaught Error: Call to undefined function get_field() in C:\Users\val\Documents\GitHub\RDA\Wordpress\app\public\wp-content\themes\twentytwentyfour\single.php:35
Stack trace:
#0 C:\Users\val\Documents\GitHub\RDA\Wordpress\app\public\wp-includes\template-loader.php(106): include()
#1 C:\Users\val\Documents\GitHub\RDA\Wordpress\app\public\wp-blog-header.php(19): require_once('C:\\Users\\val\\Do...')
#2 C:\Users\val\Documents\GitHub\RDA\Wordpress\app\public\index.php(17): require('C:\\Users\\val\\Do...')
#3 {main}
  thrown in C:\Users\val\Documents\GitHub\RDA\Wordpress\app\public\wp-content\themes\twentytwentyfour\single.php on line 35
[27-Jan-2025 15:09:51 UTC] PHP Fatal error:  Uncaught Error: Call to undefined function get_field() in C:\Users\val\Documents\GitHub\RDA\Wordpress\app\public\wp-content\themes\twentytwentyfour\single.php:35
Stack trace:
#0 C:\Users\val\Documents\GitHub\RDA\Wordpress\app\public\wp-includes\template-loader.php(106): include()
#1 C:\Users\val\Documents\GitHub\RDA\Wordpress\app\public\wp-blog-header.php(19): require_once('C:\\Users\\val\\Do...')
#2 C:\Users\val\Documents\GitHub\RDA\Wordpress\app\public\index.php(17): require('C:\\Users\\val\\Do...')
#3 {main}
  thrown in C:\Users\val\Documents\GitHub\RDA\Wordpress\app\public\wp-content\themes\twentytwentyfour\single.php on line 35
[27-Jan-2025 15:10:14 UTC] PHP Fatal error:  Uncaught Error: Call to undefined function get_field() in C:\Users\val\Documents\GitHub\RDA\Wordpress\app\public\wp-content\themes\twentytwentyfour\single.php:35
Stack trace:
#0 C:\Users\val\Documents\GitHub\RDA\Wordpress\app\public\wp-includes\template-loader.php(106): include()
#1 C:\Users\val\Documents\GitHub\RDA\Wordpress\app\public\wp-blog-header.php(19): require_once('C:\\Users\\val\\Do...')
#2 C:\Users\val\Documents\GitHub\RDA\Wordpress\app\public\index.php(17): require('C:\\Users\\val\\Do...')
#3 {main}
  thrown in C:\Users\val\Documents\GitHub\RDA\Wordpress\app\public\wp-content\themes\twentytwentyfour\single.php on line 35
[27-Jan-2025 15:10:43 UTC] PHP Fatal error:  Uncaught Error: Call to undefined function get_field() in C:\Users\val\Documents\GitHub\RDA\Wordpress\app\public\wp-content\themes\twentytwentyfour\single.php:35
Stack trace:
#0 C:\Users\val\Documents\GitHub\RDA\Wordpress\app\public\wp-includes\template-loader.php(106): include()
#1 C:\Users\val\Documents\GitHub\RDA\Wordpress\app\public\wp-blog-header.php(19): require_once('C:\\Users\\val\\Do...')
#2 C:\Users\val\Documents\GitHub\RDA\Wordpress\app\public\index.php(17): require('C:\\Users\\val\\Do...')
#3 {main}
  thrown in C:\Users\val\Documents\GitHub\RDA\Wordpress\app\public\wp-content\themes\twentytwentyfour\single.php on line 35
[27-Jan-2025 15:10:52 UTC] PHP Fatal error:  Uncaught Error: Call to undefined function get_field() in C:\Users\val\Documents\GitHub\RDA\Wordpress\app\public\wp-content\themes\twentytwentyfour\single.php:35
Stack trace:
#0 C:\Users\val\Documents\GitHub\RDA\Wordpress\app\public\wp-includes\template-loader.php(106): include()
#1 C:\Users\val\Documents\GitHub\RDA\Wordpress\app\public\wp-blog-header.php(19): require_once('C:\\Users\\val\\Do...')
#2 C:\Users\val\Documents\GitHub\RDA\Wordpress\app\public\index.php(17): require('C:\\Users\\val\\Do...')
#3 {main}
  thrown in C:\Users\val\Documents\GitHub\RDA\Wordpress\app\public\wp-content\themes\twentytwentyfour\single.php on line 35
[27-Jan-2025 15:12:58 UTC] PHP Fatal error:  Uncaught Error: Call to undefined function get_field() in C:\Users\val\Documents\GitHub\RDA\Wordpress\app\public\wp-content\themes\twentytwentyfour\single.php:35
Stack trace:
#0 C:\Users\val\Documents\GitHub\RDA\Wordpress\app\public\wp-includes\template-loader.php(106): include()
#1 C:\Users\val\Documents\GitHub\RDA\Wordpress\app\public\wp-blog-header.php(19): require_once('C:\\Users\\val\\Do...')
#2 C:\Users\val\Documents\GitHub\RDA\Wordpress\app\public\index.php(17): require('C:\\Users\\val\\Do...')
#3 {main}
  thrown in C:\Users\val\Documents\GitHub\RDA\Wordpress\app\public\wp-content\themes\twentytwentyfour\single.php on line 35
[27-Jan-2025 15:14:00 UTC] PHP Fatal error:  Uncaught Error: Call to undefined function get_field() in C:\Users\val\Documents\GitHub\RDA\Wordpress\app\public\wp-content\themes\twentytwentyfour\single.php:36
Stack trace:
#0 C:\Users\val\Documents\GitHub\RDA\Wordpress\app\public\wp-includes\template-loader.php(106): include()
#1 C:\Users\val\Documents\GitHub\RDA\Wordpress\app\public\wp-blog-header.php(19): require_once('C:\\Users\\val\\Do...')
#2 C:\Users\val\Documents\GitHub\RDA\Wordpress\app\public\index.php(17): require('C:\\Users\\val\\Do...')
#3 {main}
  thrown in C:\Users\val\Documents\GitHub\RDA\Wordpress\app\public\wp-content\themes\twentytwentyfour\single.php on line 36
[27-Jan-2025 15:14:02 UTC] PHP Fatal error:  Uncaught Error: Call to undefined function get_field() in C:\Users\val\Documents\GitHub\RDA\Wordpress\app\public\wp-content\themes\twentytwentyfour\single.php:36
Stack trace:
#0 C:\Users\val\Documents\GitHub\RDA\Wordpress\app\public\wp-includes\template-loader.php(106): include()
#1 C:\Users\val\Documents\GitHub\RDA\Wordpress\app\public\wp-blog-header.php(19): require_once('C:\\Users\\val\\Do...')
#2 C:\Users\val\Documents\GitHub\RDA\Wordpress\app\public\index.php(17): require('C:\\Users\\val\\Do...')
#3 {main}
  thrown in C:\Users\val\Documents\GitHub\RDA\Wordpress\app\public\wp-content\themes\twentytwentyfour\single.php on line 36
[27-Jan-2025 15:14:35 UTC] PHP Fatal error:  Uncaught Error: Call to undefined function get_field() in C:\Users\val\Documents\GitHub\RDA\Wordpress\app\public\wp-content\themes\twentytwentyfour\single.php:36
Stack trace:
#0 C:\Users\val\Documents\GitHub\RDA\Wordpress\app\public\wp-includes\template-loader.php(106): include()
#1 C:\Users\val\Documents\GitHub\RDA\Wordpress\app\public\wp-blog-header.php(19): require_once('C:\\Users\\val\\Do...')
#2 C:\Users\val\Documents\GitHub\RDA\Wordpress\app\public\index.php(17): require('C:\\Users\\val\\Do...')
#3 {main}
  thrown in C:\Users\val\Documents\GitHub\RDA\Wordpress\app\public\wp-content\themes\twentytwentyfour\single.php on line 36
[27-Jan-2025 15:26:51 UTC] PHP Fatal error:  Uncaught Error: Call to undefined function get_field() in C:\Users\val\Documents\GitHub\RDA\Wordpress\app\public\wp-content\themes\twentytwentyfour\single.php:37
Stack trace:
#0 C:\Users\val\Documents\GitHub\RDA\Wordpress\app\public\wp-includes\template-loader.php(106): include()
#1 C:\Users\val\Documents\GitHub\RDA\Wordpress\app\public\wp-blog-header.php(19): require_once('C:\\Users\\val\\Do...')
#2 C:\Users\val\Documents\GitHub\RDA\Wordpress\app\public\index.php(17): require('C:\\Users\\val\\Do...')
#3 {main}
  thrown in C:\Users\val\Documents\GitHub\RDA\Wordpress\app\public\wp-content\themes\twentytwentyfour\single.php on line 37
[27-Jan-2025 15:26:52 UTC] PHP Fatal error:  Uncaught Error: Call to undefined function get_field() in C:\Users\val\Documents\GitHub\RDA\Wordpress\app\public\wp-content\themes\twentytwentyfour\single.php:37
Stack trace:
#0 C:\Users\val\Documents\GitHub\RDA\Wordpress\app\public\wp-includes\template-loader.php(106): include()
#1 C:\Users\val\Documents\GitHub\RDA\Wordpress\app\public\wp-blog-header.php(19): require_once('C:\\Users\\val\\Do...')
#2 C:\Users\val\Documents\GitHub\RDA\Wordpress\app\public\index.php(17): require('C:\\Users\\val\\Do...')
#3 {main}
  thrown in C:\Users\val\Documents\GitHub\RDA\Wordpress\app\public\wp-content\themes\twentytwentyfour\single.php on line 37
[27-Jan-2025 15:26:53 UTC] PHP Fatal error:  Uncaught Error: Call to undefined function get_field() in C:\Users\val\Documents\GitHub\RDA\Wordpress\app\public\wp-content\themes\twentytwentyfour\single.php:37
Stack trace:
#0 C:\Users\val\Documents\GitHub\RDA\Wordpress\app\public\wp-includes\template-loader.php(106): include()
#1 C:\Users\val\Documents\GitHub\RDA\Wordpress\app\public\wp-blog-header.php(19): require_once('C:\\Users\\val\\Do...')
#2 C:\Users\val\Documents\GitHub\RDA\Wordpress\app\public\index.php(17): require('C:\\Users\\val\\Do...')
#3 {main}
  thrown in C:\Users\val\Documents\GitHub\RDA\Wordpress\app\public\wp-content\themes\twentytwentyfour\single.php on line 37
[27-Jan-2025 15:29:17 UTC] PHP Fatal error:  Uncaught Error: Call to undefined function get_field() in C:\Users\val\Documents\GitHub\RDA\Wordpress\app\public\wp-content\themes\twentytwentyfour\single.php:36
Stack trace:
#0 C:\Users\val\Documents\GitHub\RDA\Wordpress\app\public\wp-includes\template-loader.php(106): include()
#1 C:\Users\val\Documents\GitHub\RDA\Wordpress\app\public\wp-blog-header.php(19): require_once('C:\\Users\\val\\Do...')
#2 C:\Users\val\Documents\GitHub\RDA\Wordpress\app\public\index.php(17): require('C:\\Users\\val\\Do...')
#3 {main}
  thrown in C:\Users\val\Documents\GitHub\RDA\Wordpress\app\public\wp-content\themes\twentytwentyfour\single.php on line 36
[27-Jan-2025 15:31:29 UTC] PHP Fatal error:  Uncaught Error: Call to undefined function get_field() in C:\Users\val\Documents\GitHub\RDA\Wordpress\app\public\wp-content\themes\twentytwentyfour\single.php:36
Stack trace:
#0 C:\Users\val\Documents\GitHub\RDA\Wordpress\app\public\wp-includes\template-loader.php(106): include()
#1 C:\Users\val\Documents\GitHub\RDA\Wordpress\app\public\wp-blog-header.php(19): require_once('C:\\Users\\val\\Do...')
#2 C:\Users\val\Documents\GitHub\RDA\Wordpress\app\public\index.php(17): require('C:\\Users\\val\\Do...')
#3 {main}
  thrown in C:\Users\val\Documents\GitHub\RDA\Wordpress\app\public\wp-content\themes\twentytwentyfour\single.php on line 36
[27-Jan-2025 15:31:39 UTC] PHP Fatal error:  Uncaught Error: Call to undefined function get_field() in C:\Users\val\Documents\GitHub\RDA\Wordpress\app\public\wp-content\themes\twentytwentyfour\single.php:36
Stack trace:
#0 C:\Users\val\Documents\GitHub\RDA\Wordpress\app\public\wp-includes\template-loader.php(106): include()
#1 C:\Users\val\Documents\GitHub\RDA\Wordpress\app\public\wp-blog-header.php(19): require_once('C:\\Users\\val\\Do...')
#2 C:\Users\val\Documents\GitHub\RDA\Wordpress\app\public\index.php(17): require('C:\\Users\\val\\Do...')
#3 {main}
  thrown in C:\Users\val\Documents\GitHub\RDA\Wordpress\app\public\wp-content\themes\twentytwentyfour\single.php on line 36
[27-Jan-2025 15:31:43 UTC] PHP Fatal error:  Uncaught Error: Call to undefined function get_field() in C:\Users\val\Documents\GitHub\RDA\Wordpress\app\public\wp-content\themes\twentytwentyfour\single.php:36
Stack trace:
#0 C:\Users\val\Documents\GitHub\RDA\Wordpress\app\public\wp-includes\template-loader.php(106): include()
#1 C:\Users\val\Documents\GitHub\RDA\Wordpress\app\public\wp-blog-header.php(19): require_once('C:\\Users\\val\\Do...')
#2 C:\Users\val\Documents\GitHub\RDA\Wordpress\app\public\index.php(17): require('C:\\Users\\val\\Do...')
#3 {main}
  thrown in C:\Users\val\Documents\GitHub\RDA\Wordpress\app\public\wp-content\themes\twentytwentyfour\single.php on line 36
[27-Jan-2025 15:31:47 UTC] PHP Fatal error:  Uncaught Error: Call to undefined function get_field() in C:\Users\val\Documents\GitHub\RDA\Wordpress\app\public\wp-content\themes\twentytwentyfour\single.php:36
Stack trace:
#0 C:\Users\val\Documents\GitHub\RDA\Wordpress\app\public\wp-includes\template-loader.php(106): include()
#1 C:\Users\val\Documents\GitHub\RDA\Wordpress\app\public\wp-blog-header.php(19): require_once('C:\\Users\\val\\Do...')
#2 C:\Users\val\Documents\GitHub\RDA\Wordpress\app\public\index.php(17): require('C:\\Users\\val\\Do...')
#3 {main}
  thrown in C:\Users\val\Documents\GitHub\RDA\Wordpress\app\public\wp-content\themes\twentytwentyfour\single.php on line 36
[27-Jan-2025 15:31:58 UTC] PHP Fatal error:  Uncaught Error: Call to undefined function get_field() in C:\Users\val\Documents\GitHub\RDA\Wordpress\app\public\wp-content\themes\twentytwentyfour\single.php:36
Stack trace:
#0 C:\Users\val\Documents\GitHub\RDA\Wordpress\app\public\wp-includes\template-loader.php(106): include()
#1 C:\Users\val\Documents\GitHub\RDA\Wordpress\app\public\wp-blog-header.php(19): require_once('C:\\Users\\val\\Do...')
#2 C:\Users\val\Documents\GitHub\RDA\Wordpress\app\public\index.php(17): require('C:\\Users\\val\\Do...')
#3 {main}
  thrown in C:\Users\val\Documents\GitHub\RDA\Wordpress\app\public\wp-content\themes\twentytwentyfour\single.php on line 36
[27-Jan-2025 15:34:01 UTC] PHP Fatal error:  Uncaught Error: Call to undefined function get_field() in C:\Users\val\Documents\GitHub\RDA\Wordpress\app\public\wp-content\themes\twentytwentyfour\single.php:36
Stack trace:
#0 C:\Users\val\Documents\GitHub\RDA\Wordpress\app\public\wp-includes\template-loader.php(106): include()
#1 C:\Users\val\Documents\GitHub\RDA\Wordpress\app\public\wp-blog-header.php(19): require_once('C:\\Users\\val\\Do...')
#2 C:\Users\val\Documents\GitHub\RDA\Wordpress\app\public\index.php(17): require('C:\\Users\\val\\Do...')
#3 {main}
  thrown in C:\Users\val\Documents\GitHub\RDA\Wordpress\app\public\wp-content\themes\twentytwentyfour\single.php on line 36
[27-Jan-2025 15:34:03 UTC] PHP Fatal error:  Uncaught Error: Call to undefined function get_field() in C:\Users\val\Documents\GitHub\RDA\Wordpress\app\public\wp-content\themes\twentytwentyfour\single.php:36
Stack trace:
#0 C:\Users\val\Documents\GitHub\RDA\Wordpress\app\public\wp-includes\template-loader.php(106): include()
#1 C:\Users\val\Documents\GitHub\RDA\Wordpress\app\public\wp-blog-header.php(19): require_once('C:\\Users\\val\\Do...')
#2 C:\Users\val\Documents\GitHub\RDA\Wordpress\app\public\index.php(17): require('C:\\Users\\val\\Do...')
#3 {main}
  thrown in C:\Users\val\Documents\GitHub\RDA\Wordpress\app\public\wp-content\themes\twentytwentyfour\single.php on line 36
[27-Jan-2025 15:34:04 UTC] PHP Fatal error:  Uncaught Error: Call to undefined function get_field() in C:\Users\val\Documents\GitHub\RDA\Wordpress\app\public\wp-content\themes\twentytwentyfour\single.php:36
Stack trace:
#0 C:\Users\val\Documents\GitHub\RDA\Wordpress\app\public\wp-includes\template-loader.php(106): include()
#1 C:\Users\val\Documents\GitHub\RDA\Wordpress\app\public\wp-blog-header.php(19): require_once('C:\\Users\\val\\Do...')
#2 C:\Users\val\Documents\GitHub\RDA\Wordpress\app\public\index.php(17): require('C:\\Users\\val\\Do...')
#3 {main}
  thrown in C:\Users\val\Documents\GitHub\RDA\Wordpress\app\public\wp-content\themes\twentytwentyfour\single.php on line 36
[27-Jan-2025 15:34:06 UTC] PHP Fatal error:  Uncaught Error: Call to undefined function get_field() in C:\Users\val\Documents\GitHub\RDA\Wordpress\app\public\wp-content\themes\twentytwentyfour\single.php:36
Stack trace:
#0 C:\Users\val\Documents\GitHub\RDA\Wordpress\app\public\wp-includes\template-loader.php(106): include()
#1 C:\Users\val\Documents\GitHub\RDA\Wordpress\app\public\wp-blog-header.php(19): require_once('C:\\Users\\val\\Do...')
#2 C:\Users\val\Documents\GitHub\RDA\Wordpress\app\public\index.php(17): require('C:\\Users\\val\\Do...')
#3 {main}
  thrown in C:\Users\val\Documents\GitHub\RDA\Wordpress\app\public\wp-content\themes\twentytwentyfour\single.php on line 36
[27-Jan-2025 15:34:10 UTC] PHP Fatal error:  Uncaught Error: Call to undefined function get_field() in C:\Users\val\Documents\GitHub\RDA\Wordpress\app\public\wp-content\themes\twentytwentyfour\single.php:36
Stack trace:
#0 C:\Users\val\Documents\GitHub\RDA\Wordpress\app\public\wp-includes\template-loader.php(106): include()
#1 C:\Users\val\Documents\GitHub\RDA\Wordpress\app\public\wp-blog-header.php(19): require_once('C:\\Users\\val\\Do...')
#2 C:\Users\val\Documents\GitHub\RDA\Wordpress\app\public\index.php(17): require('C:\\Users\\val\\Do...')
#3 {main}
  thrown in C:\Users\val\Documents\GitHub\RDA\Wordpress\app\public\wp-content\themes\twentytwentyfour\single.php on line 36
[27-Jan-2025 15:34:50 UTC] PHP Fatal error:  Uncaught Error: Call to undefined function get_field() in C:\Users\val\Documents\GitHub\RDA\Wordpress\app\public\wp-content\themes\twentytwentyfour\single.php:36
Stack trace:
#0 C:\Users\val\Documents\GitHub\RDA\Wordpress\app\public\wp-includes\template-loader.php(106): include()
#1 C:\Users\val\Documents\GitHub\RDA\Wordpress\app\public\wp-blog-header.php(19): require_once('C:\\Users\\val\\Do...')
#2 C:\Users\val\Documents\GitHub\RDA\Wordpress\app\public\index.php(17): require('C:\\Users\\val\\Do...')
#3 {main}
  thrown in C:\Users\val\Documents\GitHub\RDA\Wordpress\app\public\wp-content\themes\twentytwentyfour\single.php on line 36
[27-Jan-2025 15:34:57 UTC] PHP Fatal error:  Uncaught Error: Call to undefined function get_field() in C:\Users\val\Documents\GitHub\RDA\Wordpress\app\public\wp-content\themes\twentytwentyfour\single.php:36
Stack trace:
#0 C:\Users\val\Documents\GitHub\RDA\Wordpress\app\public\wp-includes\template-loader.php(106): include()
#1 C:\Users\val\Documents\GitHub\RDA\Wordpress\app\public\wp-blog-header.php(19): require_once('C:\\Users\\val\\Do...')
#2 C:\Users\val\Documents\GitHub\RDA\Wordpress\app\public\index.php(17): require('C:\\Users\\val\\Do...')
#3 {main}
  thrown in C:\Users\val\Documents\GitHub\RDA\Wordpress\app\public\wp-content\themes\twentytwentyfour\single.php on line 36
[27-Jan-2025 15:35:01 UTC] PHP Fatal error:  Uncaught Error: Call to undefined function get_field() in C:\Users\val\Documents\GitHub\RDA\Wordpress\app\public\wp-content\themes\twentytwentyfour\single.php:36
Stack trace:
#0 C:\Users\val\Documents\GitHub\RDA\Wordpress\app\public\wp-includes\template-loader.php(106): include()
#1 C:\Users\val\Documents\GitHub\RDA\Wordpress\app\public\wp-blog-header.php(19): require_once('C:\\Users\\val\\Do...')
#2 C:\Users\val\Documents\GitHub\RDA\Wordpress\app\public\index.php(17): require('C:\\Users\\val\\Do...')
#3 {main}
  thrown in C:\Users\val\Documents\GitHub\RDA\Wordpress\app\public\wp-content\themes\twentytwentyfour\single.php on line 36
[27-Jan-2025 15:35:21 UTC] PHP Fatal error:  Uncaught Error: Call to undefined function get_field() in C:\Users\val\Documents\GitHub\RDA\Wordpress\app\public\wp-content\themes\twentytwentyfour\single.php:36
Stack trace:
#0 C:\Users\val\Documents\GitHub\RDA\Wordpress\app\public\wp-includes\template-loader.php(106): include()
#1 C:\Users\val\Documents\GitHub\RDA\Wordpress\app\public\wp-blog-header.php(19): require_once('C:\\Users\\val\\Do...')
#2 C:\Users\val\Documents\GitHub\RDA\Wordpress\app\public\index.php(17): require('C:\\Users\\val\\Do...')
#3 {main}
  thrown in C:\Users\val\Documents\GitHub\RDA\Wordpress\app\public\wp-content\themes\twentytwentyfour\single.php on line 36
[27-Jan-2025 15:36:06 UTC] PHP Fatal error:  Uncaught Error: Call to undefined function get_field() in C:\Users\val\Documents\GitHub\RDA\Wordpress\app\public\wp-content\themes\twentytwentyfour\single.php:36
Stack trace:
#0 C:\Users\val\Documents\GitHub\RDA\Wordpress\app\public\wp-includes\template-loader.php(106): include()
#1 C:\Users\val\Documents\GitHub\RDA\Wordpress\app\public\wp-blog-header.php(19): require_once('C:\\Users\\val\\Do...')
#2 C:\Users\val\Documents\GitHub\RDA\Wordpress\app\public\index.php(17): require('C:\\Users\\val\\Do...')
#3 {main}
  thrown in C:\Users\val\Documents\GitHub\RDA\Wordpress\app\public\wp-content\themes\twentytwentyfour\single.php on line 36
[27-Jan-2025 15:36:34 UTC] PHP Fatal error:  Uncaught Error: Call to undefined function get_field() in C:\Users\val\Documents\GitHub\RDA\Wordpress\app\public\wp-content\themes\twentytwentyfour\single.php:36
Stack trace:
#0 C:\Users\val\Documents\GitHub\RDA\Wordpress\app\public\wp-includes\template-loader.php(106): include()
#1 C:\Users\val\Documents\GitHub\RDA\Wordpress\app\public\wp-blog-header.php(19): require_once('C:\\Users\\val\\Do...')
#2 C:\Users\val\Documents\GitHub\RDA\Wordpress\app\public\index.php(17): require('C:\\Users\\val\\Do...')
#3 {main}
  thrown in C:\Users\val\Documents\GitHub\RDA\Wordpress\app\public\wp-content\themes\twentytwentyfour\single.php on line 36
[27-Jan-2025 15:36:43 UTC] PHP Fatal error:  Uncaught Error: Call to undefined function get_field() in C:\Users\val\Documents\GitHub\RDA\Wordpress\app\public\wp-content\themes\twentytwentyfour\single.php:36
Stack trace:
#0 C:\Users\val\Documents\GitHub\RDA\Wordpress\app\public\wp-includes\template-loader.php(106): include()
#1 C:\Users\val\Documents\GitHub\RDA\Wordpress\app\public\wp-blog-header.php(19): require_once('C:\\Users\\val\\Do...')
#2 C:\Users\val\Documents\GitHub\RDA\Wordpress\app\public\index.php(17): require('C:\\Users\\val\\Do...')
#3 {main}
  thrown in C:\Users\val\Documents\GitHub\RDA\Wordpress\app\public\wp-content\themes\twentytwentyfour\single.php on line 36
[27-Jan-2025 15:37:05 UTC] PHP Fatal error:  Uncaught Error: Call to undefined function get_field() in C:\Users\val\Documents\GitHub\RDA\Wordpress\app\public\wp-content\themes\twentytwentyfour\single.php:36
Stack trace:
#0 C:\Users\val\Documents\GitHub\RDA\Wordpress\app\public\wp-includes\template-loader.php(106): include()
#1 C:\Users\val\Documents\GitHub\RDA\Wordpress\app\public\wp-blog-header.php(19): require_once('C:\\Users\\val\\Do...')
#2 C:\Users\val\Documents\GitHub\RDA\Wordpress\app\public\index.php(17): require('C:\\Users\\val\\Do...')
#3 {main}
  thrown in C:\Users\val\Documents\GitHub\RDA\Wordpress\app\public\wp-content\themes\twentytwentyfour\single.php on line 36
[27-Jan-2025 15:37:08 UTC] PHP Fatal error:  Uncaught Error: Call to undefined function get_field() in C:\Users\val\Documents\GitHub\RDA\Wordpress\app\public\wp-content\themes\twentytwentyfour\single.php:36
Stack trace:
#0 C:\Users\val\Documents\GitHub\RDA\Wordpress\app\public\wp-includes\template-loader.php(106): include()
#1 C:\Users\val\Documents\GitHub\RDA\Wordpress\app\public\wp-blog-header.php(19): require_once('C:\\Users\\val\\Do...')
#2 C:\Users\val\Documents\GitHub\RDA\Wordpress\app\public\index.php(17): require('C:\\Users\\val\\Do...')
#3 {main}
  thrown in C:\Users\val\Documents\GitHub\RDA\Wordpress\app\public\wp-content\themes\twentytwentyfour\single.php on line 36
[27-Jan-2025 15:37:12 UTC] PHP Fatal error:  Uncaught Error: Call to undefined function get_field() in C:\Users\val\Documents\GitHub\RDA\Wordpress\app\public\wp-content\themes\twentytwentyfour\single.php:36
Stack trace:
#0 C:\Users\val\Documents\GitHub\RDA\Wordpress\app\public\wp-includes\template-loader.php(106): include()
#1 C:\Users\val\Documents\GitHub\RDA\Wordpress\app\public\wp-blog-header.php(19): require_once('C:\\Users\\val\\Do...')
#2 C:\Users\val\Documents\GitHub\RDA\Wordpress\app\public\index.php(17): require('C:\\Users\\val\\Do...')
#3 {main}
  thrown in C:\Users\val\Documents\GitHub\RDA\Wordpress\app\public\wp-content\themes\twentytwentyfour\single.php on line 36
[27-Jan-2025 15:37:15 UTC] PHP Fatal error:  Uncaught Error: Call to undefined function get_field() in C:\Users\val\Documents\GitHub\RDA\Wordpress\app\public\wp-content\themes\twentytwentyfour\single.php:36
Stack trace:
#0 C:\Users\val\Documents\GitHub\RDA\Wordpress\app\public\wp-includes\template-loader.php(106): include()
#1 C:\Users\val\Documents\GitHub\RDA\Wordpress\app\public\wp-blog-header.php(19): require_once('C:\\Users\\val\\Do...')
#2 C:\Users\val\Documents\GitHub\RDA\Wordpress\app\public\index.php(17): require('C:\\Users\\val\\Do...')
#3 {main}
  thrown in C:\Users\val\Documents\GitHub\RDA\Wordpress\app\public\wp-content\themes\twentytwentyfour\single.php on line 36
[27-Jan-2025 15:37:20 UTC] PHP Fatal error:  Uncaught Error: Call to undefined function get_field() in C:\Users\val\Documents\GitHub\RDA\Wordpress\app\public\wp-content\themes\twentytwentyfour\single.php:36
Stack trace:
#0 C:\Users\val\Documents\GitHub\RDA\Wordpress\app\public\wp-includes\template-loader.php(106): include()
#1 C:\Users\val\Documents\GitHub\RDA\Wordpress\app\public\wp-blog-header.php(19): require_once('C:\\Users\\val\\Do...')
#2 C:\Users\val\Documents\GitHub\RDA\Wordpress\app\public\index.php(17): require('C:\\Users\\val\\Do...')
#3 {main}
  thrown in C:\Users\val\Documents\GitHub\RDA\Wordpress\app\public\wp-content\themes\twentytwentyfour\single.php on line 36
[27-Jan-2025 15:37:27 UTC] PHP Fatal error:  Uncaught Error: Call to undefined function get_field() in C:\Users\val\Documents\GitHub\RDA\Wordpress\app\public\wp-content\themes\twentytwentyfour\single.php:36
Stack trace:
#0 C:\Users\val\Documents\GitHub\RDA\Wordpress\app\public\wp-includes\template-loader.php(106): include()
#1 C:\Users\val\Documents\GitHub\RDA\Wordpress\app\public\wp-blog-header.php(19): require_once('C:\\Users\\val\\Do...')
#2 C:\Users\val\Documents\GitHub\RDA\Wordpress\app\public\index.php(17): require('C:\\Users\\val\\Do...')
#3 {main}
  thrown in C:\Users\val\Documents\GitHub\RDA\Wordpress\app\public\wp-content\themes\twentytwentyfour\single.php on line 36
[27-Jan-2025 15:37:36 UTC] PHP Fatal error:  Uncaught Error: Call to undefined function get_field() in C:\Users\val\Documents\GitHub\RDA\Wordpress\app\public\wp-content\themes\twentytwentyfour\single.php:36
Stack trace:
#0 C:\Users\val\Documents\GitHub\RDA\Wordpress\app\public\wp-includes\template-loader.php(106): include()
#1 C:\Users\val\Documents\GitHub\RDA\Wordpress\app\public\wp-blog-header.php(19): require_once('C:\\Users\\val\\Do...')
#2 C:\Users\val\Documents\GitHub\RDA\Wordpress\app\public\index.php(17): require('C:\\Users\\val\\Do...')
#3 {main}
  thrown in C:\Users\val\Documents\GitHub\RDA\Wordpress\app\public\wp-content\themes\twentytwentyfour\single.php on line 36
[27-Jan-2025 15:37:45 UTC] PHP Fatal error:  Uncaught Error: Call to undefined function get_field() in C:\Users\val\Documents\GitHub\RDA\Wordpress\app\public\wp-content\themes\twentytwentyfour\single.php:36
Stack trace:
#0 C:\Users\val\Documents\GitHub\RDA\Wordpress\app\public\wp-includes\template-loader.php(106): include()
#1 C:\Users\val\Documents\GitHub\RDA\Wordpress\app\public\wp-blog-header.php(19): require_once('C:\\Users\\val\\Do...')
#2 C:\Users\val\Documents\GitHub\RDA\Wordpress\app\public\index.php(17): require('C:\\Users\\val\\Do...')
#3 {main}
  thrown in C:\Users\val\Documents\GitHub\RDA\Wordpress\app\public\wp-content\themes\twentytwentyfour\single.php on line 36
[27-Jan-2025 15:37:48 UTC] PHP Fatal error:  Uncaught Error: Call to undefined function get_field() in C:\Users\val\Documents\GitHub\RDA\Wordpress\app\public\wp-content\themes\twentytwentyfour\single.php:36
Stack trace:
#0 C:\Users\val\Documents\GitHub\RDA\Wordpress\app\public\wp-includes\template-loader.php(106): include()
#1 C:\Users\val\Documents\GitHub\RDA\Wordpress\app\public\wp-blog-header.php(19): require_once('C:\\Users\\val\\Do...')
#2 C:\Users\val\Documents\GitHub\RDA\Wordpress\app\public\index.php(17): require('C:\\Users\\val\\Do...')
#3 {main}
  thrown in C:\Users\val\Documents\GitHub\RDA\Wordpress\app\public\wp-content\themes\twentytwentyfour\single.php on line 36
[27-Jan-2025 15:38:22 UTC] PHP Fatal error:  Uncaught Error: Call to undefined function get_field() in C:\Users\val\Documents\GitHub\RDA\Wordpress\app\public\wp-content\themes\twentytwentyfour\single.php:36
Stack trace:
#0 C:\Users\val\Documents\GitHub\RDA\Wordpress\app\public\wp-includes\template-loader.php(106): include()
#1 C:\Users\val\Documents\GitHub\RDA\Wordpress\app\public\wp-blog-header.php(19): require_once('C:\\Users\\val\\Do...')
#2 C:\Users\val\Documents\GitHub\RDA\Wordpress\app\public\index.php(17): require('C:\\Users\\val\\Do...')
#3 {main}
  thrown in C:\Users\val\Documents\GitHub\RDA\Wordpress\app\public\wp-content\themes\twentytwentyfour\single.php on line 36
[27-Jan-2025 15:40:42 UTC] PHP Fatal error:  Uncaught Error: Call to undefined function get_field() in C:\Users\val\Documents\GitHub\RDA\Wordpress\app\public\wp-content\themes\twentytwentyfour\single.php:36
Stack trace:
#0 C:\Users\val\Documents\GitHub\RDA\Wordpress\app\public\wp-includes\template-loader.php(106): include()
#1 C:\Users\val\Documents\GitHub\RDA\Wordpress\app\public\wp-blog-header.php(19): require_once('C:\\Users\\val\\Do...')
#2 C:\Users\val\Documents\GitHub\RDA\Wordpress\app\public\index.php(17): require('C:\\Users\\val\\Do...')
#3 {main}
  thrown in C:\Users\val\Documents\GitHub\RDA\Wordpress\app\public\wp-content\themes\twentytwentyfour\single.php on line 36
[27-Jan-2025 15:48:08 UTC] PHP Fatal error:  Uncaught Error: Call to undefined function get_field() in C:\Users\val\Documents\GitHub\RDA\Wordpress\app\public\wp-content\themes\twentytwentyfour\single.php:36
Stack trace:
#0 C:\Users\val\Documents\GitHub\RDA\Wordpress\app\public\wp-includes\template-loader.php(106): include()
#1 C:\Users\val\Documents\GitHub\RDA\Wordpress\app\public\wp-blog-header.php(19): require_once('C:\\Users\\val\\Do...')
#2 C:\Users\val\Documents\GitHub\RDA\Wordpress\app\public\index.php(17): require('C:\\Users\\val\\Do...')
#3 {main}
  thrown in C:\Users\val\Documents\GitHub\RDA\Wordpress\app\public\wp-content\themes\twentytwentyfour\single.php on line 36
[27-Jan-2025 15:48:12 UTC] PHP Fatal error:  Uncaught Error: Call to undefined function get_field() in C:\Users\val\Documents\GitHub\RDA\Wordpress\app\public\wp-content\themes\twentytwentyfour\single.php:36
Stack trace:
#0 C:\Users\val\Documents\GitHub\RDA\Wordpress\app\public\wp-includes\template-loader.php(106): include()
#1 C:\Users\val\Documents\GitHub\RDA\Wordpress\app\public\wp-blog-header.php(19): require_once('C:\\Users\\val\\Do...')
#2 C:\Users\val\Documents\GitHub\RDA\Wordpress\app\public\index.php(17): require('C:\\Users\\val\\Do...')
#3 {main}
  thrown in C:\Users\val\Documents\GitHub\RDA\Wordpress\app\public\wp-content\themes\twentytwentyfour\single.php on line 36
[27-Jan-2025 15:49:30 UTC] PHP Fatal error:  Uncaught Error: Call to undefined function get_field() in C:\Users\val\Documents\GitHub\RDA\Wordpress\app\public\wp-content\themes\twentytwentyfour\single.php:52
Stack trace:
#0 C:\Users\val\Documents\GitHub\RDA\Wordpress\app\public\wp-includes\template-loader.php(106): include()
#1 C:\Users\val\Documents\GitHub\RDA\Wordpress\app\public\wp-blog-header.php(19): require_once('C:\\Users\\val\\Do...')
#2 C:\Users\val\Documents\GitHub\RDA\Wordpress\app\public\index.php(17): require('C:\\Users\\val\\Do...')
#3 {main}
  thrown in C:\Users\val\Documents\GitHub\RDA\Wordpress\app\public\wp-content\themes\twentytwentyfour\single.php on line 52
[27-Jan-2025 15:49:33 UTC] PHP Fatal error:  Uncaught Error: Call to undefined function get_field() in C:\Users\val\Documents\GitHub\RDA\Wordpress\app\public\wp-content\themes\twentytwentyfour\single.php:52
Stack trace:
#0 C:\Users\val\Documents\GitHub\RDA\Wordpress\app\public\wp-includes\template-loader.php(106): include()
#1 C:\Users\val\Documents\GitHub\RDA\Wordpress\app\public\wp-blog-header.php(19): require_once('C:\\Users\\val\\Do...')
#2 C:\Users\val\Documents\GitHub\RDA\Wordpress\app\public\index.php(17): require('C:\\Users\\val\\Do...')
#3 {main}
  thrown in C:\Users\val\Documents\GitHub\RDA\Wordpress\app\public\wp-content\themes\twentytwentyfour\single.php on line 52
[27-Jan-2025 15:50:32 UTC] PHP Fatal error:  Uncaught Error: Call to undefined function get_field() in C:\Users\val\Documents\GitHub\RDA\Wordpress\app\public\wp-content\themes\twentytwentyfour\single.php:52
Stack trace:
#0 C:\Users\val\Documents\GitHub\RDA\Wordpress\app\public\wp-includes\template-loader.php(106): include()
#1 C:\Users\val\Documents\GitHub\RDA\Wordpress\app\public\wp-blog-header.php(19): require_once('C:\\Users\\val\\Do...')
#2 C:\Users\val\Documents\GitHub\RDA\Wordpress\app\public\index.php(17): require('C:\\Users\\val\\Do...')
#3 {main}
  thrown in C:\Users\val\Documents\GitHub\RDA\Wordpress\app\public\wp-content\themes\twentytwentyfour\single.php on line 52
[27-Jan-2025 15:59:12 UTC] PHP Fatal error:  Uncaught Error: Call to undefined function get_field() in C:\Users\val\Documents\GitHub\RDA\Wordpress\app\public\wp-content\themes\twentytwentyfour\single.php:48
Stack trace:
#0 C:\Users\val\Documents\GitHub\RDA\Wordpress\app\public\wp-includes\template-loader.php(106): include()
#1 C:\Users\val\Documents\GitHub\RDA\Wordpress\app\public\wp-blog-header.php(19): require_once('C:\\Users\\val\\Do...')
#2 C:\Users\val\Documents\GitHub\RDA\Wordpress\app\public\index.php(17): require('C:\\Users\\val\\Do...')
#3 {main}
  thrown in C:\Users\val\Documents\GitHub\RDA\Wordpress\app\public\wp-content\themes\twentytwentyfour\single.php on line 48
[27-Jan-2025 16:00:15 UTC] PHP Fatal error:  Uncaught Error: Call to undefined function get_field() in C:\Users\val\Documents\GitHub\RDA\Wordpress\app\public\wp-content\themes\twentytwentyfour\single.php:48
Stack trace:
#0 C:\Users\val\Documents\GitHub\RDA\Wordpress\app\public\wp-includes\template-loader.php(106): include()
#1 C:\Users\val\Documents\GitHub\RDA\Wordpress\app\public\wp-blog-header.php(19): require_once('C:\\Users\\val\\Do...')
#2 C:\Users\val\Documents\GitHub\RDA\Wordpress\app\public\index.php(17): require('C:\\Users\\val\\Do...')
#3 {main}
  thrown in C:\Users\val\Documents\GitHub\RDA\Wordpress\app\public\wp-content\themes\twentytwentyfour\single.php on line 48
[27-Jan-2025 16:00:16 UTC] PHP Fatal error:  Uncaught Error: Call to undefined function get_field() in C:\Users\val\Documents\GitHub\RDA\Wordpress\app\public\wp-content\themes\twentytwentyfour\single.php:48
Stack trace:
#0 C:\Users\val\Documents\GitHub\RDA\Wordpress\app\public\wp-includes\template-loader.php(106): include()
#1 C:\Users\val\Documents\GitHub\RDA\Wordpress\app\public\wp-blog-header.php(19): require_once('C:\\Users\\val\\Do...')
#2 C:\Users\val\Documents\GitHub\RDA\Wordpress\app\public\index.php(17): require('C:\\Users\\val\\Do...')
#3 {main}
  thrown in C:\Users\val\Documents\GitHub\RDA\Wordpress\app\public\wp-content\themes\twentytwentyfour\single.php on line 48
[27-Jan-2025 16:02:23 UTC] PHP Warning:  Attempt to read property "content" on null in C:\Users\val\Documents\GitHub\RDA\Wordpress\app\public\wp-includes\blocks\template-part.php on line 73
[27-Jan-2025 16:02:35 UTC] PHP Warning:  Attempt to read property "content" on null in C:\Users\val\Documents\GitHub\RDA\Wordpress\app\public\wp-includes\blocks\template-part.php on line 73
[27-Jan-2025 16:47:42 UTC] PHP Warning:  Attempt to read property "content" on null in C:\Users\val\Documents\GitHub\RDA\Wordpress\app\public\wp-includes\blocks\template-part.php on line 73
[27-Jan-2025 16:50:18 UTC] PHP Warning:  Attempt to read property "content" on null in C:\Users\val\Documents\GitHub\RDA\Wordpress\app\public\wp-includes\blocks\template-part.php on line 73
[27-Jan-2025 17:00:50 UTC] PHP Warning:  Attempt to read property "content" on null in C:\Users\val\Documents\GitHub\RDA\Wordpress\app\public\wp-includes\blocks\template-part.php on line 73
[27-Jan-2025 17:00:54 UTC] PHP Warning:  Attempt to read property "content" on null in C:\Users\val\Documents\GitHub\RDA\Wordpress\app\public\wp-includes\blocks\template-part.php on line 73
[27-Jan-2025 17:07:41 UTC] PHP Warning:  Attempt to read property "content" on null in C:\Users\val\Documents\GitHub\RDA\Wordpress\app\public\wp-includes\blocks\template-part.php on line 73
[27-Jan-2025 17:08:31 UTC] PHP Warning:  Attempt to read property "content" on null in C:\Users\val\Documents\GitHub\RDA\Wordpress\app\public\wp-includes\blocks\template-part.php on line 73
[27-Jan-2025 17:11:45 UTC] PHP Warning:  Attempt to read property "content" on null in C:\Users\val\Documents\GitHub\RDA\Wordpress\app\public\wp-includes\blocks\template-part.php on line 73
[27-Jan-2025 17:12:16 UTC] PHP Warning:  Attempt to read property "content" on null in C:\Users\val\Documents\GitHub\RDA\Wordpress\app\public\wp-includes\blocks\template-part.php on line 73
[27-Jan-2025 17:12:57 UTC] PHP Warning:  Attempt to read property "content" on null in C:\Users\val\Documents\GitHub\RDA\Wordpress\app\public\wp-includes\blocks\template-part.php on line 73
[27-Jan-2025 17:15:07 UTC] PHP Warning:  Attempt to read property "ID" on null in C:\Users\val\Documents\GitHub\RDA\Wordpress\app\public\wp-includes\rest-api\endpoints\class-wp-rest-autosaves-controller.php on line 167
[27-Jan-2025 17:15:07 UTC] PHP Warning:  Attempt to read property "ID" on null in C:\Users\val\Documents\GitHub\RDA\Wordpress\app\public\wp-includes\rest-api\endpoints\class-wp-rest-autosaves-controller.php on line 167
[27-Jan-2025 17:17:43 UTC] PHP Warning:  Attempt to read property "ID" on null in C:\Users\val\Documents\GitHub\RDA\Wordpress\app\public\wp-includes\rest-api\endpoints\class-wp-rest-autosaves-controller.php on line 167
[27-Jan-2025 17:17:43 UTC] PHP Warning:  Attempt to read property "ID" on null in C:\Users\val\Documents\GitHub\RDA\Wordpress\app\public\wp-includes\rest-api\endpoints\class-wp-rest-autosaves-controller.php on line 167
[27-Jan-2025 17:18:13 UTC] PHP Warning:  Attempt to read property "content" on null in C:\Users\val\Documents\GitHub\RDA\Wordpress\app\public\wp-includes\blocks\template-part.php on line 73
[27-Jan-2025 17:18:17 UTC] PHP Warning:  Attempt to read property "content" on null in C:\Users\val\Documents\GitHub\RDA\Wordpress\app\public\wp-includes\blocks\template-part.php on line 73
[27-Jan-2025 17:24:05 UTC] PHP Warning:  Attempt to read property "content" on null in C:\Users\val\Documents\GitHub\RDA\Wordpress\app\public\wp-includes\blocks\template-part.php on line 73
[27-Jan-2025 17:24:27 UTC] PHP Warning:  Attempt to read property "content" on null in C:\Users\val\Documents\GitHub\RDA\Wordpress\app\public\wp-includes\blocks\template-part.php on line 73
[27-Jan-2025 17:30:01 UTC] PHP Warning:  Attempt to read property "content" on null in C:\Users\val\Documents\GitHub\RDA\Wordpress\app\public\wp-includes\blocks\template-part.php on line 73
[27-Jan-2025 17:42:50 UTC] PHP Warning:  Attempt to read property "ID" on null in C:\Users\val\Documents\GitHub\RDA\Wordpress\app\public\wp-includes\rest-api\endpoints\class-wp-rest-autosaves-controller.php on line 167
[27-Jan-2025 17:42:50 UTC] PHP Warning:  Attempt to read property "ID" on null in C:\Users\val\Documents\GitHub\RDA\Wordpress\app\public\wp-includes\rest-api\endpoints\class-wp-rest-autosaves-controller.php on line 167
[27-Jan-2025 17:45:18 UTC] PHP Warning:  Trying to access array offset on value of type bool in C:\Users\val\Documents\GitHub\RDA\Wordpress\app\public\wp-content\plugins\remove-footer-credit\remove-footer-credit.php on line 209
